# JRE version: OpenJDK Runtime Environment Temurin-21.0.8+9 (21.0.8+9) (build 21.0.8+9-LTS)
# Java VM: OpenJDK 64-Bit Server VM Temurin-21.0.8+9 (21.0.8+9-LTS, mixed mode, sharing, tiered, compressed oops, compressed class ptrs, parallel gc, linux-amd64)
GC Precious Log:
 CardTable entry size: 512
 CPUs: 8 total, 8 available
 Memory: 7761M
 Large Page Support: Disabled
 NUMA Support: Disabled
 Compressed Oops: Enabled (32-bit)
 Alignments: Space 512K, Generation 512K, Heap 2M
 Heap Min Capacity: 100M
 Heap Initial Capacity: 100M
 Heap Max Capacity: 2G
 Pre-touch: Disabled
 Parallel Workers: 8
Heap:
 PSYoungGen      total 4608K, used 4601K [0x00000000d5580000, 0x00000000d5d80000, 0x0000000100000000)
  eden space 4096K, 100% used [0x00000000d5580000,0x00000000d5980000,0x00000000d5980000)
  from space 512K, 98% used [0x00000000d5b80000,0x00000000d5bfe4e0,0x00000000d5c00000)
  to   space 2048K, 82% used [0x00000000d5980000,0x00000000d5b28000,0x00000000d5b80000)
 ParOldGen       total 846336K, used 846232K [0x0000000080000000, 0x00000000b3a80000, 0x00000000d5580000)
  object space 846336K, 99% used [0x0000000080000000,0x00000000b3a660b8,0x00000000b3a80000)
 Metaspace       used 78916K, committed 80576K, reserved 1179648K
  class space    used 7864K, committed 8640K, reserved 1048576K
GC Heap History (20 events):
Event: 3316,536 GC heap after
{Heap after GC invocations=1549 (full 4):
 PSYoungGen      total 4608K, used 238K [0x00000000d5580000, 0x00000000d5c80000, 0x0000000100000000)
  eden space 4096K, 0% used [0x00000000d5580000,0x00000000d5580000,0x00000000d5980000)
  from space 512K, 46% used [0x00000000d5a00000,0x00000000d5a3b940,0x00000000d5a80000)
  to   space 1024K, 0% used [0x00000000d5b80000,0x00000000d5b80000,0x00000000d5c80000)
 ParOldGen       total 843264K, used 843137K [0x0000000080000000, 0x00000000b3780000, 0x00000000d5580000)
  object space 843264K, 99% used [0x0000000080000000,0x00000000b37605b0,0x00000000b3780000)
 Metaspace       used 78915K, committed 80576K, reserved 1179648K
  class space    used 7864K, committed 8640K, reserved 1048576K
}
Event: 3316,548 GC heap before
{Heap before GC invocations=1550 (full 4):
 PSYoungGen      total 4608K, used 4334K [0x00000000d5580000, 0x00000000d5c80000, 0x0000000100000000)
  eden space 4096K, 100% used [0x00000000d5580000,0x00000000d5980000,0x00000000d5980000)
  from space 512K, 46% used [0x00000000d5a00000,0x00000000d5a3b940,0x00000000d5a80000)
  to   space 1024K, 0% used [0x00000000d5b80000,0x00000000d5b80000,0x00000000d5c80000)
 ParOldGen       total 843264K, used 843137K [0x0000000080000000, 0x00000000b3780000, 0x00000000d5580000)
  object space 843264K, 99% used [0x0000000080000000,0x00000000b37605b0,0x00000000b3780000)
 Metaspace       used 78915K, committed 80576K, reserved 1179648K
  class space    used 7864K, committed 8640K, reserved 1048576K
}
Event: 3316,551 GC heap after
{Heap after GC invocations=1550 (full 4):
 PSYoungGen      total 5120K, used 597K [0x00000000d5580000, 0x00000000d5c80000, 0x0000000100000000)
  eden space 4096K, 0% used [0x00000000d5580000,0x00000000d5580000,0x00000000d5980000)
  from space 1024K, 58% used [0x00000000d5b80000,0x00000000d5c15750,0x00000000d5c80000)
  to   space 1024K, 0% used [0x00000000d5a80000,0x00000000d5a80000,0x00000000d5b80000)
 ParOldGen       total 843264K, used 843255K [0x0000000080000000, 0x00000000b3780000, 0x00000000d5580000)
  object space 843264K, 99% used [0x0000000080000000,0x00000000b377def0,0x00000000b3780000)
 Metaspace       used 78915K, committed 80576K, reserved 1179648K
  class space    used 7864K, committed 8640K, reserved 1048576K
}
Event: 3316,561 GC heap before
{Heap before GC invocations=1551 (full 4):
 PSYoungGen      total 5120K, used 4693K [0x00000000d5580000, 0x00000000d5c80000, 0x0000000100000000)
  eden space 4096K, 100% used [0x00000000d5580000,0x00000000d5980000,0x00000000d5980000)
  from space 1024K, 58% used [0x00000000d5b80000,0x00000000d5c15750,0x00000000d5c80000)
  to   space 1024K, 0% used [0x00000000d5a80000,0x00000000d5a80000,0x00000000d5b80000)
 ParOldGen       total 843264K, used 843255K [0x0000000080000000, 0x00000000b3780000, 0x00000000d5580000)
  object space 843264K, 99% used [0x0000000080000000,0x00000000b377def0,0x00000000b3780000)
 Metaspace       used 78915K, committed 80576K, reserved 1179648K
  class space    used 7864K, committed 8640K, reserved 1048576K
}
Event: 3316,564 GC heap after
{Heap after GC invocations=1551 (full 4):
 PSYoungGen      total 5120K, used 224K [0x00000000d5580000, 0x00000000d5c00000, 0x0000000100000000)
  eden space 4096K, 0% used [0x00000000d5580000,0x00000000d5580000,0x00000000d5980000)
  from space 1024K, 21% used [0x00000000d5a80000,0x00000000d5ab8000,0x00000000d5b80000)
  to   space 512K, 0% used [0x00000000d5b80000,0x00000000d5b80000,0x00000000d5c00000)
 ParOldGen       total 843776K, used 843677K [0x0000000080000000, 0x00000000b3800000, 0x00000000d5580000)
  object space 843776K, 99% used [0x0000000080000000,0x00000000b37e7640,0x00000000b3800000)
 Metaspace       used 78915K, committed 80576K, reserved 1179648K
  class space    used 7864K, committed 8640K, reserved 1048576K
}
Event: 3316,575 GC heap before
{Heap before GC invocations=1552 (full 4):
 PSYoungGen      total 5120K, used 4320K [0x00000000d5580000, 0x00000000d5c00000, 0x0000000100000000)
  eden space 4096K, 100% used [0x00000000d5580000,0x00000000d5980000,0x00000000d5980000)
  from space 1024K, 21% used [0x00000000d5a80000,0x00000000d5ab8000,0x00000000d5b80000)
  to   space 512K, 0% used [0x00000000d5b80000,0x00000000d5b80000,0x00000000d5c00000)
 ParOldGen       total 843776K, used 843677K [0x0000000080000000, 0x00000000b3800000, 0x00000000d5580000)
  object space 843776K, 99% used [0x0000000080000000,0x00000000b37e7640,0x00000000b3800000)
 Metaspace       used 78915K, committed 80576K, reserved 1179648K
  class space    used 7864K, committed 8640K, reserved 1048576K
}
Event: 3316,577 GC heap after
{Heap after GC invocations=1552 (full 4):
 PSYoungGen      total 4608K, used 256K [0x00000000d5580000, 0x00000000d5c00000, 0x0000000100000000)
  eden space 4096K, 0% used [0x00000000d5580000,0x00000000d5580000,0x00000000d5980000)
  from space 512K, 50% used [0x00000000d5b80000,0x00000000d5bc0000,0x00000000d5c00000)
  to   space 512K, 0% used [0x00000000d5b00000,0x00000000d5b00000,0x00000000d5b80000)
 ParOldGen       total 843776K, used 843717K [0x0000000080000000, 0x00000000b3800000, 0x00000000d5580000)
  object space 843776K, 99% used [0x0000000080000000,0x00000000b37f1640,0x00000000b3800000)
 Metaspace       used 78915K, committed 80576K, reserved 1179648K
  class space    used 7864K, committed 8640K, reserved 1048576K
}
Event: 3316,588 GC heap before
{Heap before GC invocations=1553 (full 4):
 PSYoungGen      total 4608K, used 4352K [0x00000000d5580000, 0x00000000d5c00000, 0x0000000100000000)
  eden space 4096K, 100% used [0x00000000d5580000,0x00000000d5980000,0x00000000d5980000)
  from space 512K, 50% used [0x00000000d5b80000,0x00000000d5bc0000,0x00000000d5c00000)
  to   space 512K, 0% used [0x00000000d5b00000,0x00000000d5b00000,0x00000000d5b80000)
 ParOldGen       total 843776K, used 843717K [0x0000000080000000, 0x00000000b3800000, 0x00000000d5580000)
  object space 843776K, 99% used [0x0000000080000000,0x00000000b37f1640,0x00000000b3800000)
 Metaspace       used 78915K, committed 80576K, reserved 1179648K
  class space    used 7864K, committed 8640K, reserved 1048576K
}
Event: 3316,590 GC heap after
{Heap after GC invocations=1553 (full 4):
 PSYoungGen      total 4608K, used 487K [0x00000000d5580000, 0x00000000d5c00000, 0x0000000100000000)
  eden space 4096K, 0% used [0x00000000d5580000,0x00000000d5580000,0x00000000d5980000)
  from space 512K, 95% used [0x00000000d5b00000,0x00000000d5b79e20,0x00000000d5b80000)
  to   space 512K, 0% used [0x00000000d5b80000,0x00000000d5b80000,0x00000000d5c00000)
 ParOldGen       total 843776K, used 843757K [0x0000000080000000, 0x00000000b3800000, 0x00000000d5580000)
  object space 843776K, 99% used [0x0000000080000000,0x00000000b37fb640,0x00000000b3800000)
 Metaspace       used 78915K, committed 80576K, reserved 1179648K
  class space    used 7864K, committed 8640K, reserved 1048576K
}
Event: 3316,601 GC heap before
{Heap before GC invocations=1554 (full 4):
 PSYoungGen      total 4608K, used 4583K [0x00000000d5580000, 0x00000000d5c00000, 0x0000000100000000)
  eden space 4096K, 100% used [0x00000000d5580000,0x00000000d5980000,0x00000000d5980000)
  from space 512K, 95% used [0x00000000d5b00000,0x00000000d5b79e20,0x00000000d5b80000)
  to   space 512K, 0% used [0x00000000d5b80000,0x00000000d5b80000,0x00000000d5c00000)
 ParOldGen       total 843776K, used 843757K [0x0000000080000000, 0x00000000b3800000, 0x00000000d5580000)
  object space 843776K, 99% used [0x0000000080000000,0x00000000b37fb640,0x00000000b3800000)
 Metaspace       used 78915K, committed 80576K, reserved 1179648K
  class space    used 7864K, committed 8640K, reserved 1048576K
}
Event: 3316,602 GC heap after
{Heap after GC invocations=1554 (full 4):
 PSYoungGen      total 4608K, used 224K [0x00000000d5580000, 0x00000000d5c00000, 0x0000000100000000)
  eden space 4096K, 0% used [0x00000000d5580000,0x00000000d5580000,0x00000000d5980000)
  from space 512K, 43% used [0x00000000d5b80000,0x00000000d5bb8000,0x00000000d5c00000)
  to   space 512K, 0% used [0x00000000d5b00000,0x00000000d5b00000,0x00000000d5b80000)
 ParOldGen       total 844288K, used 844232K [0x0000000080000000, 0x00000000b3880000, 0x00000000d5580000)
  object space 844288K, 99% used [0x0000000080000000,0x00000000b38723d0,0x00000000b3880000)
 Metaspace       used 78915K, committed 80576K, reserved 1179648K
  class space    used 7864K, committed 8640K, reserved 1048576K
}
Event: 3316,613 GC heap before
{Heap before GC invocations=1555 (full 4):
 PSYoungGen      total 4608K, used 4320K [0x00000000d5580000, 0x00000000d5c00000, 0x0000000100000000)
  eden space 4096K, 100% used [0x00000000d5580000,0x00000000d5980000,0x00000000d5980000)
  from space 512K, 43% used [0x00000000d5b80000,0x00000000d5bb8000,0x00000000d5c00000)
  to   space 512K, 0% used [0x00000000d5b00000,0x00000000d5b00000,0x00000000d5b80000)
 ParOldGen       total 844288K, used 844232K [0x0000000080000000, 0x00000000b3880000, 0x00000000d5580000)
  object space 844288K, 99% used [0x0000000080000000,0x00000000b38723d0,0x00000000b3880000)
 Metaspace       used 78915K, committed 80576K, reserved 1179648K
  class space    used 7864K, committed 8640K, reserved 1048576K
}
Event: 3316,615 GC heap after
{Heap after GC invocations=1555 (full 4):
 PSYoungGen      total 4608K, used 224K [0x00000000d5580000, 0x00000000d5c00000, 0x0000000100000000)
  eden space 4096K, 0% used [0x00000000d5580000,0x00000000d5580000,0x00000000d5980000)
  from space 512K, 43% used [0x00000000d5b00000,0x00000000d5b38000,0x00000000d5b80000)
  to   space 512K, 0% used [0x00000000d5b80000,0x00000000d5b80000,0x00000000d5c00000)
 ParOldGen       total 844288K, used 844280K [0x0000000080000000, 0x00000000b3880000, 0x00000000d5580000)
  object space 844288K, 99% used [0x0000000080000000,0x00000000b387e3d0,0x00000000b3880000)
 Metaspace       used 78915K, committed 80576K, reserved 1179648K
  class space    used 7864K, committed 8640K, reserved 1048576K
}
Event: 3316,626 GC heap before
{Heap before GC invocations=1556 (full 4):
 PSYoungGen      total 4608K, used 4320K [0x00000000d5580000, 0x00000000d5c00000, 0x0000000100000000)
  eden space 4096K, 100% used [0x00000000d5580000,0x00000000d5980000,0x00000000d5980000)
  from space 512K, 43% used [0x00000000d5b00000,0x00000000d5b38000,0x00000000d5b80000)
  to   space 512K, 0% used [0x00000000d5b80000,0x00000000d5b80000,0x00000000d5c00000)
 ParOldGen       total 844288K, used 844280K [0x0000000080000000, 0x00000000b3880000, 0x00000000d5580000)
  object space 844288K, 99% used [0x0000000080000000,0x00000000b387e3d0,0x00000000b3880000)
 Metaspace       used 78915K, committed 80576K, reserved 1179648K
  class space    used 7864K, committed 8640K, reserved 1048576K
}
Event: 3316,628 GC heap after
{Heap after GC invocations=1556 (full 4):
 PSYoungGen      total 4608K, used 192K [0x00000000d5580000, 0x00000000d5c00000, 0x0000000100000000)
  eden space 4096K, 0% used [0x00000000d5580000,0x00000000d5580000,0x00000000d5980000)
  from space 512K, 37% used [0x00000000d5b80000,0x00000000d5bb0000,0x00000000d5c00000)
  to   space 512K, 0% used [0x00000000d5b00000,0x00000000d5b00000,0x00000000d5b80000)
 ParOldGen       total 844800K, used 844328K [0x0000000080000000, 0x00000000b3900000, 0x00000000d5580000)
  object space 844800K, 99% used [0x0000000080000000,0x00000000b388a3d0,0x00000000b3900000)
 Metaspace       used 78915K, committed 80576K, reserved 1179648K
  class space    used 7864K, committed 8640K, reserved 1048576K
}
Event: 3318,188 GC heap before
{Heap before GC invocations=1557 (full 4):
 PSYoungGen      total 4608K, used 4252K [0x00000000d5580000, 0x00000000d5c00000, 0x0000000100000000)
  eden space 4096K, 99% used [0x00000000d5580000,0x00000000d59773f0,0x00000000d5980000)
  from space 512K, 37% used [0x00000000d5b80000,0x00000000d5bb0000,0x00000000d5c00000)
  to   space 512K, 0% used [0x00000000d5b00000,0x00000000d5b00000,0x00000000d5b80000)
 ParOldGen       total 844800K, used 844328K [0x0000000080000000, 0x00000000b3900000, 0x00000000d5580000)
  object space 844800K, 99% used [0x0000000080000000,0x00000000b388a3d0,0x00000000b3900000)
 Metaspace       used 78916K, committed 80576K, reserved 1179648K
  class space    used 7864K, committed 8640K, reserved 1048576K
}
Event: 3318,194 GC heap after
{Heap after GC invocations=1557 (full 4):
 PSYoungGen      total 4608K, used 270K [0x00000000d5580000, 0x00000000d5c00000, 0x0000000100000000)
  eden space 4096K, 0% used [0x00000000d5580000,0x00000000d5580000,0x00000000d5980000)
  from space 512K, 52% used [0x00000000d5b00000,0x00000000d5b43940,0x00000000d5b80000)
  to   space 512K, 0% used [0x00000000d5b80000,0x00000000d5b80000,0x00000000d5c00000)
 ParOldGen       total 844800K, used 844376K [0x0000000080000000, 0x00000000b3900000, 0x00000000d5580000)
  object space 844800K, 99% used [0x0000000080000000,0x00000000b38963d0,0x00000000b3900000)
 Metaspace       used 78916K, committed 80576K, reserved 1179648K
  class space    used 7864K, committed 8640K, reserved 1048576K
}
Event: 3318,215 GC heap before
{Heap before GC invocations=1558 (full 4):
 PSYoungGen      total 4608K, used 4366K [0x00000000d5580000, 0x00000000d5c00000, 0x0000000100000000)
  eden space 4096K, 100% used [0x00000000d5580000,0x00000000d5980000,0x00000000d5980000)
  from space 512K, 52% used [0x00000000d5b00000,0x00000000d5b43940,0x00000000d5b80000)
  to   space 512K, 0% used [0x00000000d5b80000,0x00000000d5b80000,0x00000000d5c00000)
 ParOldGen       total 844800K, used 844376K [0x0000000080000000, 0x00000000b3900000, 0x00000000d5580000)
  object space 844800K, 99% used [0x0000000080000000,0x00000000b38963d0,0x00000000b3900000)
 Metaspace       used 78916K, committed 80576K, reserved 1179648K
  class space    used 7864K, committed 8640K, reserved 1048576K
}
Event: 3318,218 GC heap after
{Heap after GC invocations=1558 (full 4):
 PSYoungGen      total 4608K, used 505K [0x00000000d5580000, 0x00000000d5d80000, 0x0000000100000000)
  eden space 4096K, 0% used [0x00000000d5580000,0x00000000d5580000,0x00000000d5980000)
  from space 512K, 98% used [0x00000000d5b80000,0x00000000d5bfe4e0,0x00000000d5c00000)
  to   space 2048K, 0% used [0x00000000d5980000,0x00000000d5980000,0x00000000d5b80000)
 ParOldGen       total 845824K, used 845592K [0x0000000080000000, 0x00000000b3a00000, 0x00000000d5580000)
  object space 845824K, 99% used [0x0000000080000000,0x00000000b39c63f0,0x00000000b3a00000)
 Metaspace       used 78916K, committed 80576K, reserved 1179648K
  class space    used 7864K, committed 8640K, reserved 1048576K
}
Event: 3318,231 GC heap before
{Heap before GC invocations=1559 (full 4):
 PSYoungGen      total 4608K, used 4601K [0x00000000d5580000, 0x00000000d5d80000, 0x0000000100000000)
  eden space 4096K, 100% used [0x00000000d5580000,0x00000000d5980000,0x00000000d5980000)
  from space 512K, 98% used [0x00000000d5b80000,0x00000000d5bfe4e0,0x00000000d5c00000)
  to   space 2048K, 0% used [0x00000000d5980000,0x00000000d5980000,0x00000000d5b80000)
 ParOldGen       total 845824K, used 845592K [0x0000000080000000, 0x00000000b3a00000, 0x00000000d5580000)
  object space 845824K, 99% used [0x0000000080000000,0x00000000b39c63f0,0x00000000b3a00000)
 Metaspace       used 78916K, committed 80576K, reserved 1179648K
  class space    used 7864K, committed 8640K, reserved 1048576K
}

