# JRE version: OpenJDK Runtime Environment Temurin-21.0.8+9 (21.0.8+9) (build 21.0.8+9-LTS)
# Java VM: OpenJDK 64-Bit Server VM Temurin-21.0.8+9 (21.0.8+9-LTS, mixed mode, sharing, tiered, compressed oops, compressed class ptrs, parallel gc, linux-amd64)
GC Precious Log:
 CardTable entry size: 512
 CPUs: 8 total, 8 available
 Memory: 7761M
 Large Page Support: Disabled
 NUMA Support: Disabled
 Compressed Oops: Enabled (32-bit)
 Alignments: Space 512K, Generation 512K, Heap 2M
 Heap Min Capacity: 100M
 Heap Initial Capacity: 100M
 Heap Max Capacity: 2G
 Pre-touch: Disabled
 Parallel Workers: 8
Heap:
 PSYoungGen      total 5120K, used 256K [0x00000000d5580000, 0x00000000d5c80000, 0x0000000100000000)
  eden space 4608K, 0% used [0x00000000d5580000,0x00000000d5580000,0x00000000d5a00000)
  from space 512K, 50% used [0x00000000d5c00000,0x00000000d5c40000,0x00000000d5c80000)
  to   space 512K, 0% used [0x00000000d5b80000,0x00000000d5b80000,0x00000000d5c00000)
 ParOldGen       total 1031680K, used 1031606K [0x0000000080000000, 0x00000000bef80000, 0x00000000d5580000)
  object space 1031680K, 99% used [0x0000000080000000,0x00000000bef6db58,0x00000000bef80000)
 Metaspace       used 84060K, committed 85632K, reserved 1179648K
  class space    used 8461K, committed 9152K, reserved 1048576K
GC Heap History (20 events):
Event: 20072,799 GC heap after
{Heap after GC invocations=1757 (full 4):
 PSYoungGen      total 7680K, used 2288K [0x00000000d5580000, 0x00000000d5f80000, 0x0000000100000000)
  eden space 5120K, 0% used [0x00000000d5580000,0x00000000d5580000,0x00000000d5a80000)
  from space 2560K, 89% used [0x00000000d5a80000,0x00000000d5cbc020,0x00000000d5d00000)
  to   space 2560K, 0% used [0x00000000d5d00000,0x00000000d5d00000,0x00000000d5f80000)
 ParOldGen       total 1024512K, used 1024246K [0x0000000080000000, 0x00000000be880000, 0x00000000d5580000)
  object space 1024512K, 99% used [0x0000000080000000,0x00000000be83d9e0,0x00000000be880000)
 Metaspace       used 84060K, committed 85632K, reserved 1179648K
  class space    used 8461K, committed 9152K, reserved 1048576K
}
Event: 20072,810 GC heap before
{Heap before GC invocations=1758 (full 4):
 PSYoungGen      total 7680K, used 7408K [0x00000000d5580000, 0x00000000d5f80000, 0x0000000100000000)
  eden space 5120K, 100% used [0x00000000d5580000,0x00000000d5a80000,0x00000000d5a80000)
  from space 2560K, 89% used [0x00000000d5a80000,0x00000000d5cbc020,0x00000000d5d00000)
  to   space 2560K, 0% used [0x00000000d5d00000,0x00000000d5d00000,0x00000000d5f80000)
 ParOldGen       total 1024512K, used 1024246K [0x0000000080000000, 0x00000000be880000, 0x00000000d5580000)
  object space 1024512K, 99% used [0x0000000080000000,0x00000000be83d9e0,0x00000000be880000)
 Metaspace       used 84060K, committed 85632K, reserved 1179648K
  class space    used 8461K, committed 9152K, reserved 1048576K
}
Event: 20072,813 GC heap after
{Heap after GC invocations=1758 (full 4):
 PSYoungGen      total 5632K, used 96K [0x00000000d5580000, 0x00000000d5d80000, 0x0000000100000000)
  eden space 5120K, 0% used [0x00000000d5580000,0x00000000d5580000,0x00000000d5a80000)
  from space 512K, 18% used [0x00000000d5d00000,0x00000000d5d18000,0x00000000d5d80000)
  to   space 1024K, 0% used [0x00000000d5b80000,0x00000000d5b80000,0x00000000d5c80000)
 ParOldGen       total 1026560K, used 1026435K [0x0000000080000000, 0x00000000bea80000, 0x00000000d5580000)
  object space 1026560K, 99% used [0x0000000080000000,0x00000000bea60f10,0x00000000bea80000)
 Metaspace       used 84060K, committed 85632K, reserved 1179648K
  class space    used 8461K, committed 9152K, reserved 1048576K
}
Event: 20072,827 GC heap before
{Heap before GC invocations=1759 (full 4):
 PSYoungGen      total 5632K, used 5216K [0x00000000d5580000, 0x00000000d5d80000, 0x0000000100000000)
  eden space 5120K, 100% used [0x00000000d5580000,0x00000000d5a80000,0x00000000d5a80000)
  from space 512K, 18% used [0x00000000d5d00000,0x00000000d5d18000,0x00000000d5d80000)
  to   space 1024K, 0% used [0x00000000d5b80000,0x00000000d5b80000,0x00000000d5c80000)
 ParOldGen       total 1026560K, used 1026435K [0x0000000080000000, 0x00000000bea80000, 0x00000000d5580000)
  object space 1026560K, 99% used [0x0000000080000000,0x00000000bea60f10,0x00000000bea80000)
 Metaspace       used 84060K, committed 85632K, reserved 1179648K
  class space    used 8461K, committed 9152K, reserved 1048576K
}
Event: 20072,830 GC heap after
{Heap after GC invocations=1759 (full 4):
 PSYoungGen      total 6144K, used 483K [0x00000000d5580000, 0x00000000d5d80000, 0x0000000100000000)
  eden space 5120K, 0% used [0x00000000d5580000,0x00000000d5580000,0x00000000d5a80000)
  from space 1024K, 47% used [0x00000000d5b80000,0x00000000d5bf8d68,0x00000000d5c80000)
  to   space 1024K, 0% used [0x00000000d5c80000,0x00000000d5c80000,0x00000000d5d80000)
 ParOldGen       total 1026560K, used 1026483K [0x0000000080000000, 0x00000000bea80000, 0x00000000d5580000)
  object space 1026560K, 99% used [0x0000000080000000,0x00000000bea6cf10,0x00000000bea80000)
 Metaspace       used 84060K, committed 85632K, reserved 1179648K
  class space    used 8461K, committed 9152K, reserved 1048576K
}
Event: 20072,843 GC heap before
{Heap before GC invocations=1760 (full 4):
 PSYoungGen      total 6144K, used 5603K [0x00000000d5580000, 0x00000000d5d80000, 0x0000000100000000)
  eden space 5120K, 100% used [0x00000000d5580000,0x00000000d5a80000,0x00000000d5a80000)
  from space 1024K, 47% used [0x00000000d5b80000,0x00000000d5bf8d68,0x00000000d5c80000)
  to   space 1024K, 0% used [0x00000000d5c80000,0x00000000d5c80000,0x00000000d5d80000)
 ParOldGen       total 1026560K, used 1026483K [0x0000000080000000, 0x00000000bea80000, 0x00000000d5580000)
  object space 1026560K, 99% used [0x0000000080000000,0x00000000bea6cf10,0x00000000bea80000)
 Metaspace       used 84060K, committed 85632K, reserved 1179648K
  class space    used 8461K, committed 9152K, reserved 1048576K
}
Event: 20072,845 GC heap after
{Heap after GC invocations=1760 (full 4):
 PSYoungGen      total 5632K, used 256K [0x00000000d5580000, 0x00000000d5d00000, 0x0000000100000000)
  eden space 5120K, 0% used [0x00000000d5580000,0x00000000d5580000,0x00000000d5a80000)
  from space 512K, 50% used [0x00000000d5c80000,0x00000000d5cc0000,0x00000000d5d00000)
  to   space 512K, 0% used [0x00000000d5c00000,0x00000000d5c00000,0x00000000d5c80000)
 ParOldGen       total 1027072K, used 1026870K [0x0000000080000000, 0x00000000beb00000, 0x00000000d5580000)
  object space 1027072K, 99% used [0x0000000080000000,0x00000000beacd978,0x00000000beb00000)
 Metaspace       used 84060K, committed 85632K, reserved 1179648K
  class space    used 8461K, committed 9152K, reserved 1048576K
}
Event: 20073,006 GC heap before
{Heap before GC invocations=1761 (full 4):
 PSYoungGen      total 5632K, used 5376K [0x00000000d5580000, 0x00000000d5d00000, 0x0000000100000000)
  eden space 5120K, 100% used [0x00000000d5580000,0x00000000d5a80000,0x00000000d5a80000)
  from space 512K, 50% used [0x00000000d5c80000,0x00000000d5cc0000,0x00000000d5d00000)
  to   space 512K, 0% used [0x00000000d5c00000,0x00000000d5c00000,0x00000000d5c80000)
 ParOldGen       total 1027072K, used 1026870K [0x0000000080000000, 0x00000000beb00000, 0x00000000d5580000)
  object space 1027072K, 99% used [0x0000000080000000,0x00000000beacd978,0x00000000beb00000)
 Metaspace       used 84060K, committed 85632K, reserved 1179648K
  class space    used 8461K, committed 9152K, reserved 1048576K
}
Event: 20073,014 GC heap after
{Heap after GC invocations=1761 (full 4):
 PSYoungGen      total 5632K, used 346K [0x00000000d5580000, 0x00000000d5d00000, 0x0000000100000000)
  eden space 5120K, 0% used [0x00000000d5580000,0x00000000d5580000,0x00000000d5a80000)
  from space 512K, 67% used [0x00000000d5c00000,0x00000000d5c56bc0,0x00000000d5c80000)
  to   space 512K, 0% used [0x00000000d5c80000,0x00000000d5c80000,0x00000000d5d00000)
 ParOldGen       total 1027072K, used 1026910K [0x0000000080000000, 0x00000000beb00000, 0x00000000d5580000)
  object space 1027072K, 99% used [0x0000000080000000,0x00000000bead7978,0x00000000beb00000)
 Metaspace       used 84060K, committed 85632K, reserved 1179648K
  class space    used 8461K, committed 9152K, reserved 1048576K
}
Event: 20073,044 GC heap before
{Heap before GC invocations=1762 (full 4):
 PSYoungGen      total 5632K, used 5466K [0x00000000d5580000, 0x00000000d5d00000, 0x0000000100000000)
  eden space 5120K, 100% used [0x00000000d5580000,0x00000000d5a80000,0x00000000d5a80000)
  from space 512K, 67% used [0x00000000d5c00000,0x00000000d5c56bc0,0x00000000d5c80000)
  to   space 512K, 0% used [0x00000000d5c80000,0x00000000d5c80000,0x00000000d5d00000)
 ParOldGen       total 1027072K, used 1026910K [0x0000000080000000, 0x00000000beb00000, 0x00000000d5580000)
  object space 1027072K, 99% used [0x0000000080000000,0x00000000bead7978,0x00000000beb00000)
 Metaspace       used 84060K, committed 85632K, reserved 1179648K
  class space    used 8461K, committed 9152K, reserved 1048576K
}
Event: 20073,047 GC heap after
{Heap after GC invocations=1762 (full 4):
 PSYoungGen      total 5120K, used 496K [0x00000000d5580000, 0x00000000d5f80000, 0x0000000100000000)
  eden space 4608K, 0% used [0x00000000d5580000,0x00000000d5580000,0x00000000d5a00000)
  from space 512K, 96% used [0x00000000d5c80000,0x00000000d5cfc010,0x00000000d5d00000)
  to   space 2560K, 0% used [0x00000000d5a00000,0x00000000d5a00000,0x00000000d5c80000)
 ParOldGen       total 1028608K, used 1028500K [0x0000000080000000, 0x00000000bec80000, 0x00000000d5580000)
  object space 1028608K, 99% used [0x0000000080000000,0x00000000bec65118,0x00000000bec80000)
 Metaspace       used 84060K, committed 85632K, reserved 1179648K
  class space    used 8461K, committed 9152K, reserved 1048576K
}
Event: 20073,067 GC heap before
{Heap before GC invocations=1763 (full 4):
 PSYoungGen      total 5120K, used 5104K [0x00000000d5580000, 0x00000000d5f80000, 0x0000000100000000)
  eden space 4608K, 100% used [0x00000000d5580000,0x00000000d5a00000,0x00000000d5a00000)
  from space 512K, 96% used [0x00000000d5c80000,0x00000000d5cfc010,0x00000000d5d00000)
  to   space 2560K, 0% used [0x00000000d5a00000,0x00000000d5a00000,0x00000000d5c80000)
 ParOldGen       total 1028608K, used 1028500K [0x0000000080000000, 0x00000000bec80000, 0x00000000d5580000)
  object space 1028608K, 99% used [0x0000000080000000,0x00000000bec65118,0x00000000bec80000)
 Metaspace       used 84060K, committed 85632K, reserved 1179648K
  class space    used 8461K, committed 9152K, reserved 1048576K
}
Event: 20073,070 GC heap after
{Heap after GC invocations=1763 (full 4):
 PSYoungGen      total 7168K, used 2144K [0x00000000d5580000, 0x00000000d5f00000, 0x0000000100000000)
  eden space 4608K, 0% used [0x00000000d5580000,0x00000000d5580000,0x00000000d5a00000)
  from space 2560K, 83% used [0x00000000d5a00000,0x00000000d5c18010,0x00000000d5c80000)
  to   space 2560K, 0% used [0x00000000d5c80000,0x00000000d5c80000,0x00000000d5f00000)
 ParOldGen       total 1029120K, used 1029025K [0x0000000080000000, 0x00000000bed00000, 0x00000000d5580000)
  object space 1029120K, 99% used [0x0000000080000000,0x00000000bece85f0,0x00000000bed00000)
 Metaspace       used 84060K, committed 85632K, reserved 1179648K
  class space    used 8461K, committed 9152K, reserved 1048576K
}
Event: 20073,085 GC heap before
{Heap before GC invocations=1764 (full 4):
 PSYoungGen      total 7168K, used 6752K [0x00000000d5580000, 0x00000000d5f00000, 0x0000000100000000)
  eden space 4608K, 100% used [0x00000000d5580000,0x00000000d5a00000,0x00000000d5a00000)
  from space 2560K, 83% used [0x00000000d5a00000,0x00000000d5c18010,0x00000000d5c80000)
  to   space 2560K, 0% used [0x00000000d5c80000,0x00000000d5c80000,0x00000000d5f00000)
 ParOldGen       total 1029120K, used 1029025K [0x0000000080000000, 0x00000000bed00000, 0x00000000d5580000)
  object space 1029120K, 99% used [0x0000000080000000,0x00000000bece85f0,0x00000000bed00000)
 Metaspace       used 84060K, committed 85632K, reserved 1179648K
  class space    used 8461K, committed 9152K, reserved 1048576K
}
Event: 20073,088 GC heap after
{Heap after GC invocations=1764 (full 4):
 PSYoungGen      total 5120K, used 96K [0x00000000d5580000, 0x00000000d5d00000, 0x0000000100000000)
  eden space 4608K, 0% used [0x00000000d5580000,0x00000000d5580000,0x00000000d5a00000)
  from space 512K, 18% used [0x00000000d5c80000,0x00000000d5c98000,0x00000000d5d00000)
  to   space 1024K, 0% used [0x00000000d5b00000,0x00000000d5b00000,0x00000000d5c00000)
 ParOldGen       total 1031168K, used 1031105K [0x0000000080000000, 0x00000000bef00000, 0x00000000d5580000)
  object space 1031168K, 99% used [0x0000000080000000,0x00000000beef0530,0x00000000bef00000)
 Metaspace       used 84060K, committed 85632K, reserved 1179648K
  class space    used 8461K, committed 9152K, reserved 1048576K
}
Event: 20073,110 GC heap before
{Heap before GC invocations=1765 (full 4):
 PSYoungGen      total 5120K, used 4704K [0x00000000d5580000, 0x00000000d5d00000, 0x0000000100000000)
  eden space 4608K, 100% used [0x00000000d5580000,0x00000000d5a00000,0x00000000d5a00000)
  from space 512K, 18% used [0x00000000d5c80000,0x00000000d5c98000,0x00000000d5d00000)
  to   space 1024K, 0% used [0x00000000d5b00000,0x00000000d5b00000,0x00000000d5c00000)
 ParOldGen       total 1031168K, used 1031105K [0x0000000080000000, 0x00000000bef00000, 0x00000000d5580000)
  object space 1031168K, 99% used [0x0000000080000000,0x00000000beef0530,0x00000000bef00000)
 Metaspace       used 84060K, committed 85632K, reserved 1179648K
  class space    used 8461K, committed 9152K, reserved 1048576K
}
Event: 20073,114 GC heap after
{Heap after GC invocations=1765 (full 4):
 PSYoungGen      total 5632K, used 579K [0x00000000d5580000, 0x00000000d5d00000, 0x0000000100000000)
  eden space 4608K, 0% used [0x00000000d5580000,0x00000000d5580000,0x00000000d5a00000)
  from space 1024K, 56% used [0x00000000d5b00000,0x00000000d5b90d68,0x00000000d5c00000)
  to   space 1024K, 0% used [0x00000000d5c00000,0x00000000d5c00000,0x00000000d5d00000)
 ParOldGen       total 1031168K, used 1031129K [0x0000000080000000, 0x00000000bef00000, 0x00000000d5580000)
  object space 1031168K, 99% used [0x0000000080000000,0x00000000beef6530,0x00000000bef00000)
 Metaspace       used 84060K, committed 85632K, reserved 1179648K
  class space    used 8461K, committed 9152K, reserved 1048576K
}
Event: 20073,120 GC heap before
{Heap before GC invocations=1766 (full 4):
 PSYoungGen      total 5632K, used 1873K [0x00000000d5580000, 0x00000000d5d00000, 0x0000000100000000)
  eden space 4608K, 28% used [0x00000000d5580000,0x00000000d56c3960,0x00000000d5a00000)
  from space 1024K, 56% used [0x00000000d5b00000,0x00000000d5b90d68,0x00000000d5c00000)
  to   space 1024K, 0% used [0x00000000d5c00000,0x00000000d5c00000,0x00000000d5d00000)
 ParOldGen       total 1031168K, used 1031129K [0x0000000080000000, 0x00000000bef00000, 0x00000000d5580000)
  object space 1031168K, 99% used [0x0000000080000000,0x00000000beef6530,0x00000000bef00000)
 Metaspace       used 84060K, committed 85632K, reserved 1179648K
  class space    used 8461K, committed 9152K, reserved 1048576K
}
Event: 20073,125 GC heap after
{Heap after GC invocations=1766 (full 4):
 PSYoungGen      total 5120K, used 256K [0x00000000d5580000, 0x00000000d5c80000, 0x0000000100000000)
  eden space 4608K, 0% used [0x00000000d5580000,0x00000000d5580000,0x00000000d5a00000)
  from space 512K, 50% used [0x00000000d5c00000,0x00000000d5c40000,0x00000000d5c80000)
  to   space 512K, 0% used [0x00000000d5b80000,0x00000000d5b80000,0x00000000d5c00000)
 ParOldGen       total 1031680K, used 1031606K [0x0000000080000000, 0x00000000bef80000, 0x00000000d5580000)
  object space 1031680K, 99% used [0x0000000080000000,0x00000000bef6db58,0x00000000bef80000)
 Metaspace       used 84060K, committed 85632K, reserved 1179648K
  class space    used 8461K, committed 9152K, reserved 1048576K
}
Event: 20073,125 GC heap before
{Heap before GC invocations=1767 (full 5):
 PSYoungGen      total 5120K, used 256K [0x00000000d5580000, 0x00000000d5c80000, 0x0000000100000000)
  eden space 4608K, 0% used [0x00000000d5580000,0x00000000d5580000,0x00000000d5a00000)
  from space 512K, 50% used [0x00000000d5c00000,0x00000000d5c40000,0x00000000d5c80000)
  to   space 512K, 0% used [0x00000000d5b80000,0x00000000d5b80000,0x00000000d5c00000)
 ParOldGen       total 1031680K, used 1031606K [0x0000000080000000, 0x00000000bef80000, 0x00000000d5580000)
  object space 1031680K, 99% used [0x0000000080000000,0x00000000bef6db58,0x00000000bef80000)
 Metaspace       used 84060K, committed 85632K, reserved 1179648K
  class space    used 8461K, committed 9152K, reserved 1048576K
}

